
ASEM-51 V1.4a2                                        Copyright (c) 2008 by W.W. Heinz                                        PAGE 1





       MCS-51 Family Macro Assembler   A S E M - 5 1   V 1.4a2
       =======================================================



	Source File:	tmp/webasm3157.a51
	Object File:	tmp/webasm3157.omf
	List File:	tmp/webasm3157.lst



 Line  I  Addr  Code            Source

    1:		N      0000	ORG 0
    2:	  0000	74 55		BACK: MOV A,#55H
    3:	  0002	F5 80		MOV P0,A
    4:	  0004	F5 90		MOV P1,A
    5:	  0006	F5 A0		MOV P2,A
    6:	  0008	11 16		ACALL QSDELAY    ;Quarter of a second
    7:	  000A	74 AA		MOV A,#0AAH
    8:	  000C	F5 80		MOV P0,A
    9:	  000E	F5 90		MOV P1,A
   10:	  0010	F5 A0		MOV P2,A
   11:	  0012	11 16		ACALL QSDELAY
   12:	  0014	80 EA		SJMP BACK
   13:
   14:	  0016	7D 0B		QSDELAY: MOV R5,#11
   15:	  0018	7C F8		H3:MOV R4,#248
   16:	  001A	7B FF		H2:MOV R3,#255
   17:	  001C	DB FE		H1:DJNZ R3,H1 ;4 MC for DS89C4x0
   18:	  001E	DC FA		DJNZ R4,H2
   19:	  0020	DD F6		DJNZ R5,H3
   20:	  0022	22		RET
   21:
   22:				END





                     register banks used:  ---

                     no errors




ASEM-51 V1.4a2                                        Copyright (c) 2008 by W.W. Heinz                                        PAGE 2





	       L I S T   O F   S Y M B O L S
	       =============================


SYMBOL				  TYPE     VALUE	LINE
------------------------------------------------------------
??ASEM_51			  NUMBER    8051
??VERSION			  NUMBER    0140
AC				  BIT	      D6
ACC				  DATA	      E0
B				  DATA	      F0
BACK				  CODE	    0000	   2
CY				  BIT	      D7
DPH				  DATA	      83
DPL				  DATA	      82
EA				  BIT	      AF
ES				  BIT	      AC
ET0				  BIT	      A9
ET1				  BIT	      AB
EX0				  BIT	      A8
EX1				  BIT	      AA
EXTI0				  CODE	    0003
EXTI1				  CODE	    0013
F0				  BIT	      D5
H1				  CODE	    001C	  17
H2				  CODE	    001A	  16
H3				  CODE	    0018	  15
IE				  DATA	      A8
IE0				  BIT	      89
IE1				  BIT	      8B
INT0				  BIT	      B2
INT1				  BIT	      B3
IP				  DATA	      B8
IT0				  BIT	      88
IT1				  BIT	      8A
OV				  BIT	      D2
P				  BIT	      D0
P0				  DATA	      80
P1				  DATA	      90
P2				  DATA	      A0
P3				  DATA	      B0
PCON				  DATA	      87
PS				  BIT	      BC
PSW				  DATA	      D0
PT0				  BIT	      B9
PT1				  BIT	      BB
PX0				  BIT	      B8
PX1				  BIT	      BA
QSDELAY				  CODE	    0016	  14
RB8				  BIT	      9A
RD				  BIT	      B7
REN				  BIT	      9C
RESET				  CODE	    0000
RI				  BIT	      98
RS0				  BIT	      D3
RS1				  BIT	      D4

ASEM-51 V1.4a2                                        Copyright (c) 2008 by W.W. Heinz                                        PAGE 3



SYMBOL				  TYPE     VALUE	LINE
------------------------------------------------------------
RXD				  BIT	      B0
SBUF				  DATA	      99
SCON				  DATA	      98
SINT				  CODE	    0023
SM0				  BIT	      9F
SM1				  BIT	      9E
SM2				  BIT	      9D
SP				  DATA	      81
T0				  BIT	      B4
T1				  BIT	      B5
TB8				  BIT	      9B
TCON				  DATA	      88
TF0				  BIT	      8D
TF1				  BIT	      8F
TH0				  DATA	      8C
TH1				  DATA	      8D
TI				  BIT	      99
TIMER0				  CODE	    000B
TIMER1				  CODE	    001B
TL0				  DATA	      8A
TL1				  DATA	      8B
TMOD				  DATA	      89
TR0				  BIT	      8C
TR1				  BIT	      8E
TXD				  BIT	      B1
WR				  BIT	      B6
