
ASEM-51 V1.4a2                                        Copyright (c) 2008 by W.W. Heinz                                        PAGE 1





       MCS-51 Family Macro Assembler   A S E M - 5 1   V 1.4a2
       =======================================================



	Source File:	tmp/webasm24358.a51
	Object File:	tmp/webasm24358.hex
	List File:	tmp/webasm24358.lst



 Line  I  Addr  Code            Source

    1:		N      0000	ORG 0h
    2:
    3:		B	 B0	RS BIT P3.0
    4:		B	 B1	RW BIT P3.1
    5:		B	 B2	EN BIT P3.2
    6:
    7:	  0000	C2 B0		CLR RS
    8:	  0002	C2 B1		CLR RW
    9:	  0004	75 A0 0C	MOV P2,#0Ch
   10:	  0007	11 53		ACALL ENPULSE
   11:
   12:	  0009	75 90 FF	MOV P1,#0FFh
   13:	  000C			K1:
   14:	  000C	75 B0 EF		MOV P3,#11101111b
   15:	  000F	E5 90			MOV A,P1
   16:	  0011	B4 FF 1B		CJNE A,#0FFh,ROW0
   17:	  0014	75 B0 DF		MOV P3,#11011111b
   18:	  0017	E5 90			MOV A,P1
   19:	  0019	B4 FF 18		CJNE A,#0FFh,ROW1
   20:	  001C	75 B0 BF		MOV P3,#10111111b
   21:	  001F	E5 90			MOV A,P1
   22:	  0021	B4 FF 15		CJNE A,#0FFh,ROW2
   23:	  0024	75 B0 7F		MOV P3,#01111111b
   24:	  0027	E5 90			MOV A,P1
   25:	  0029	B4 FF 12		CJNE A,#0FFh,ROW3
   26:	  002C	02 00 0C		LJMP K1
   27:	  002F			ROW0:
   28:	  002F	90 03 00		MOV DPTR,#KCODE0
   29:	  0032	80 0D			SJMP FIND
   30:	  0034			ROW1:
   31:	  0034	90 03 08		MOV DPTR,#KCODE1
   32:	  0037	80 08			SJMP FIND
   33:	  0039			ROW2:
   34:	  0039	90 03 10		MOV DPTR,#KCODE2
   35:	  003C	80 03			SJMP FIND
   36:	  003E			ROW3:
   37:	  003E	90 03 18		MOV DPTR,#KCODE3
   38:
   39:	  0041			FIND:
   40:	  0041	13			RRC A
   41:	  0042	50 03			JNC MATCH
   42:	  0044	A3			INC DPTR
   43:	  0045	80 FA			SJMP FIND

ASEM-51 V1.4a2                                        Copyright (c) 2008 by W.W. Heinz                                        PAGE 2



 Line  I  Addr  Code            Source

   44:	  0047			MATCH:
   45:	  0047	E4			CLR A
   46:	  0048	93			MOVC A,@A+DPTR
   47:	  0049	75 B0 09		MOV P3,#09h
   48:	  004C	F5 A0			MOV P2,A
   49:	  004E	11 53			ACALL ENPULSE
   50:	  0050	02 00 0C		LJMP K1
   51:
   52:	  0053			ENPULSE:
   53:	  0053	D2 B2			SETB EN
   54:	  0055	11 5C			ACALL DELAY
   55:	  0057	C2 B2			CLR EN
   56:	  0059	11 5C			ACALL DELAY
   57:	  005B	22		RET
   58:
   59:	  005C			DELAY:
   60:	  005C	7B 32			MOV R3,#50
   61:	  005E				OUTER:
   62:	  005E	7C FF				MOV R4,#255
   63:	  0060					INNER:
   64:	  0060	DC FE					DJNZ R4,INNER
   65:	  0062	DB FA				DJNZ R3,OUTER
   66:	  0064	22		RET
   67:
   68:		N      0300	ORG 300h
   69:
   70:	  0300	41 45 49 4D	KCODE0: DB 'A','E','I','M','Q','U','Y','#'
	  0304	51 55 59 23
   71:	  0308	42 46 4A 4E	KCODE1: DB 'B','F','J','N','R','V','Z','@'
	  030C	52 56 5A 40
   72:	  0310	43 47 4B 4F	KCODE2: DB 'C','G','K','O','S','W',',',':'
	  0314	53 57 2C 3A
   73:	  0318	44 48 4C 50	KCODE3: DB 'D','H','L','P','T','X','.','!'
	  031C	54 58 2E 21
   74:
   75:				END





                     register banks used:  ---

                     no errors




ASEM-51 V1.4a2                                        Copyright (c) 2008 by W.W. Heinz                                        PAGE 3





	       L I S T   O F   S Y M B O L S
	       =============================


SYMBOL				  TYPE     VALUE	LINE
------------------------------------------------------------
??ASEM_51			  NUMBER    8051
??VERSION			  NUMBER    0140
AC				  BIT	      D6
ACC				  DATA	      E0
B				  DATA	      F0
CY				  BIT	      D7
DELAY				  CODE	    005C	  59
DPH				  DATA	      83
DPL				  DATA	      82
EA				  BIT	      AF
EN				  BIT	      B2	   5
ENPULSE				  CODE	    0053	  52
ES				  BIT	      AC
ET0				  BIT	      A9
ET1				  BIT	      AB
EX0				  BIT	      A8
EX1				  BIT	      AA
EXTI0				  CODE	    0003
EXTI1				  CODE	    0013
F0				  BIT	      D5
FIND				  CODE	    0041	  39
IE				  DATA	      A8
IE0				  BIT	      89
IE1				  BIT	      8B
INNER				  CODE	    0060	  63
INT0				  BIT	      B2
INT1				  BIT	      B3
IP				  DATA	      B8
IT0				  BIT	      88
IT1				  BIT	      8A
K1				  CODE	    000C	  13
KCODE0				  CODE	    0300	  70
KCODE1				  CODE	    0308	  71
KCODE2				  CODE	    0310	  72
KCODE3				  CODE	    0318	  73
MATCH				  CODE	    0047	  44
OUTER				  CODE	    005E	  61
OV				  BIT	      D2
P				  BIT	      D0
P0				  DATA	      80
P1				  DATA	      90
P2				  DATA	      A0
P3				  DATA	      B0
PCON				  DATA	      87
PS				  BIT	      BC
PSW				  DATA	      D0
PT0				  BIT	      B9
PT1				  BIT	      BB
PX0				  BIT	      B8
PX1				  BIT	      BA

ASEM-51 V1.4a2                                        Copyright (c) 2008 by W.W. Heinz                                        PAGE 4



SYMBOL				  TYPE     VALUE	LINE
------------------------------------------------------------
RB8				  BIT	      9A
RD				  BIT	      B7
REN				  BIT	      9C
RESET				  CODE	    0000
RI				  BIT	      98
ROW0				  CODE	    002F	  27
ROW1				  CODE	    0034	  30
ROW2				  CODE	    0039	  33
ROW3				  CODE	    003E	  36
RS				  BIT	      B0	   3
RS0				  BIT	      D3
RS1				  BIT	      D4
RW				  BIT	      B1	   4
RXD				  BIT	      B0
SBUF				  DATA	      99
SCON				  DATA	      98
SINT				  CODE	    0023
SM0				  BIT	      9F
SM1				  BIT	      9E
SM2				  BIT	      9D
SP				  DATA	      81
T0				  BIT	      B4
T1				  BIT	      B5
TB8				  BIT	      9B
TCON				  DATA	      88
TF0				  BIT	      8D
TF1				  BIT	      8F
TH0				  DATA	      8C
TH1				  DATA	      8D
TI				  BIT	      99
TIMER0				  CODE	    000B
TIMER1				  CODE	    001B
TL0				  DATA	      8A
TL1				  DATA	      8B
TMOD				  DATA	      89
TR0				  BIT	      8C
TR1				  BIT	      8E
TXD				  BIT	      B1
WR				  BIT	      B6
