
ASEM-51 V1.4a2                                        Copyright (c) 2008 by W.W. Heinz                                        PAGE 1





       MCS-51 Family Macro Assembler   A S E M - 5 1   V 1.4a2
       =======================================================



	Source File:	tmp/webasm23002.a51
	Object File:	tmp/webasm23002.hex
	List File:	tmp/webasm23002.lst



 Line  I  Addr  Code            Source

    1:		N      0000	ORG 0h
    2:
    3:		B	 B0	RS BIT P3.0
    4:		B	 B1	RW BIT P3.1
    5:		B	 B2	EN BIT P3.2
    6:
    7:	  0000	C2 B0		CLR RS
    8:	  0002	C2 B1		CLR RW
    9:	  0004	75 A0 0C	MOV P2,#0Ch
   10:	  0007	11 64		ACALL ENPULSE
   11:
   12:	  0009	75 90 FF	MOV P1,#0FFh
   13:	  000C			K1:
   14:	  000C	75 B0 09		MOV P3,#09h
   15:	  000F	E5 90			MOV A,P1
   16:	  0011	B4 FF F8		CJNE A,#0FFh,K1
   17:	  0014			K2:
   18:	  0014	11 6D			ACALL DELAY
   19:	  0016	E5 90			MOV A,P1
   20:	  0018	B4 FF 02		CJNE A,#0FFh,OVER
   21:	  001B	80 F7			SJMP K2
   22:	  001D			OVER:
   23:	  001D	75 B0 EF		MOV P3,#11101111b
   24:	  0020	E5 90			MOV A,P1
   25:	  0022	B4 FF 1B		CJNE A,#0FFh,ROW0
   26:	  0025	75 B0 DF		MOV P3,#11011111b
   27:	  0028	E5 90			MOV A,P1
   28:	  002A	B4 FF 18		CJNE A,#0FFh,ROW1
   29:	  002D	75 B0 BF		MOV P3,#10111111b
   30:	  0030	E5 90			MOV A,P1
   31:	  0032	B4 FF 15		CJNE A,#0FFh,ROW2
   32:	  0035	75 B0 7F		MOV P3,#01111111b
   33:	  0038	E5 90			MOV A,P1
   34:	  003A	B4 FF 12		CJNE A,#0FFh,ROW3
   35:	  003D	02 00 14		LJMP K2
   36:	  0040			ROW0:
   37:	  0040	90 03 00		MOV DPTR,#KCODE0
   38:	  0043	80 0D			SJMP FIND
   39:	  0045			ROW1:
   40:	  0045	90 03 08		MOV DPTR,#KCODE1
   41:	  0048	80 08			SJMP FIND
   42:	  004A			ROW2:
   43:	  004A	90 03 10		MOV DPTR,#KCODE2

ASEM-51 V1.4a2                                        Copyright (c) 2008 by W.W. Heinz                                        PAGE 2



 Line  I  Addr  Code            Source

   44:	  004D	80 03			SJMP FIND
   45:	  004F			ROW3:
   46:	  004F	90 03 18		MOV DPTR,#KCODE3
   47:
   48:	  0052			FIND:
   49:	  0052	13			RRC A
   50:	  0053	50 03			JNC MATCH
   51:	  0055	A3			INC DPTR
   52:	  0056	80 FA			SJMP FIND
   53:	  0058			MATCH:
   54:	  0058	E4			CLR A
   55:	  0059	93			MOVC A,@A+DPTR
   56:	  005A	75 B0 09		MOV P3,#09h
   57:	  005D	F5 A0			MOV P2,A
   58:	  005F	11 64			ACALL ENPULSE
   59:	  0061	02 00 0C		LJMP K1
   60:
   61:	  0064			ENPULSE:
   62:	  0064	D2 B2			SETB EN
   63:	  0066	11 6D			ACALL DELAY
   64:	  0068	C2 B2			CLR EN
   65:	  006A	11 6D			ACALL DELAY
   66:	  006C	22		RET
   67:
   68:	  006D			DELAY:
   69:	  006D	7B 32			MOV R3,#50
   70:	  006F				OUTER:
   71:	  006F	7C FF				MOV R4,#255
   72:	  0071					INNER:
   73:	  0071	DC FE					DJNZ R4,INNER
   74:	  0073	DB FA				DJNZ R3,OUTER
   75:	  0075	22		RET
   76:
   77:		N      0300	ORG 300h
   78:
   79:	  0300	41 45 49 4D	KCODE0: DB 'A','E','I','M','Q','U','Y','#'
	  0304	51 55 59 23
   80:	  0308	42 46 4A 4E	KCODE1: DB 'B','F','J','N','R','V','Z','@'
	  030C	52 56 5A 40
   81:	  0310	43 47 4B 4F	KCODE2: DB 'C','G','K','O','S','W',',',':'
	  0314	53 57 2C 3A
   82:	  0318	44 48 4C 50	KCODE3: DB 'D','H','L','P','T','X','.','!'
	  031C	54 58 2E 21
   83:
   84:				END





                     register banks used:  ---

                     no errors




ASEM-51 V1.4a2                                        Copyright (c) 2008 by W.W. Heinz                                        PAGE 3





	       L I S T   O F   S Y M B O L S
	       =============================


SYMBOL				  TYPE     VALUE	LINE
------------------------------------------------------------
??ASEM_51			  NUMBER    8051
??VERSION			  NUMBER    0140
AC				  BIT	      D6
ACC				  DATA	      E0
B				  DATA	      F0
CY				  BIT	      D7
DELAY				  CODE	    006D	  68
DPH				  DATA	      83
DPL				  DATA	      82
EA				  BIT	      AF
EN				  BIT	      B2	   5
ENPULSE				  CODE	    0064	  61
ES				  BIT	      AC
ET0				  BIT	      A9
ET1				  BIT	      AB
EX0				  BIT	      A8
EX1				  BIT	      AA
EXTI0				  CODE	    0003
EXTI1				  CODE	    0013
F0				  BIT	      D5
FIND				  CODE	    0052	  48
IE				  DATA	      A8
IE0				  BIT	      89
IE1				  BIT	      8B
INNER				  CODE	    0071	  72
INT0				  BIT	      B2
INT1				  BIT	      B3
IP				  DATA	      B8
IT0				  BIT	      88
IT1				  BIT	      8A
K1				  CODE	    000C	  13
K2				  CODE	    0014	  17
KCODE0				  CODE	    0300	  79
KCODE1				  CODE	    0308	  80
KCODE2				  CODE	    0310	  81
KCODE3				  CODE	    0318	  82
MATCH				  CODE	    0058	  53
OUTER				  CODE	    006F	  70
OV				  BIT	      D2
OVER				  CODE	    001D	  22
P				  BIT	      D0
P0				  DATA	      80
P1				  DATA	      90
P2				  DATA	      A0
P3				  DATA	      B0
PCON				  DATA	      87
PS				  BIT	      BC
PSW				  DATA	      D0
PT0				  BIT	      B9
PT1				  BIT	      BB

ASEM-51 V1.4a2                                        Copyright (c) 2008 by W.W. Heinz                                        PAGE 4



SYMBOL				  TYPE     VALUE	LINE
------------------------------------------------------------
PX0				  BIT	      B8
PX1				  BIT	      BA
RB8				  BIT	      9A
RD				  BIT	      B7
REN				  BIT	      9C
RESET				  CODE	    0000
RI				  BIT	      98
ROW0				  CODE	    0040	  36
ROW1				  CODE	    0045	  39
ROW2				  CODE	    004A	  42
ROW3				  CODE	    004F	  45
RS				  BIT	      B0	   3
RS0				  BIT	      D3
RS1				  BIT	      D4
RW				  BIT	      B1	   4
RXD				  BIT	      B0
SBUF				  DATA	      99
SCON				  DATA	      98
SINT				  CODE	    0023
SM0				  BIT	      9F
SM1				  BIT	      9E
SM2				  BIT	      9D
SP				  DATA	      81
T0				  BIT	      B4
T1				  BIT	      B5
TB8				  BIT	      9B
TCON				  DATA	      88
TF0				  BIT	      8D
TF1				  BIT	      8F
TH0				  DATA	      8C
TH1				  DATA	      8D
TI				  BIT	      99
TIMER0				  CODE	    000B
TIMER1				  CODE	    001B
TL0				  DATA	      8A
TL1				  DATA	      8B
TMOD				  DATA	      89
TR0				  BIT	      8C
TR1				  BIT	      8E
TXD				  BIT	      B1
WR				  BIT	      B6
