
ASEM-51 V1.4a2                                        Copyright (c) 2008 by W.W. Heinz                                        PAGE 1





       MCS-51 Family Macro Assembler   A S E M - 5 1   V 1.4a2
       =======================================================



	Source File:	tmp/webasm17936.a51
	Object File:	tmp/webasm17936.hex
	List File:	tmp/webasm17936.lst



 Line  I  Addr  Code            Source

    1:		N      0000	ORG 0h
    2:
    3:		B	 B0	RS BIT P3.0
    4:		B	 B1	RW BIT P3.1
    5:		B	 B2	EN BIT P3.2
    6:
    7:	  0000	D2 B0		SETB RS
    8:	  0002	75 A0 4F	MOV P2,#4Fh
    9:	  0005	11 09		ACALL ENPULSE
   10:	  0007	80 FE		AGAIN: SJMP AGAIN
   11:
   12:	  0009			ENPULSE:
   13:	  0009	D2 B2			SETB EN
   14:	  000B	11 12			ACALL DELAY
   15:	  000D	C2 B2			CLR EN
   16:	  000F	11 12			ACALL DELAY
   17:	  0011	22		RET
   18:
   19:	  0012			DELAY:
   20:	  0012	7B 32			MOV R3,#50
   21:	  0014				OUTER:
   22:	  0014	7C FF				MOV R4,#255
   23:	  0016					INNER:
   24:	  0016	DC FE					DJNZ R4,INNER
   25:	  0018	DB FA				DJNZ R3,OUTER
   26:	  001A	22		RET
   27:
   28:				END





                     register banks used:  ---

                     no errors




ASEM-51 V1.4a2                                        Copyright (c) 2008 by W.W. Heinz                                        PAGE 2





	       L I S T   O F   S Y M B O L S
	       =============================


SYMBOL				  TYPE     VALUE	LINE
------------------------------------------------------------
??ASEM_51			  NUMBER    8051
??VERSION			  NUMBER    0140
AC				  BIT	      D6
ACC				  DATA	      E0
AGAIN				  CODE	    0007	  10
B				  DATA	      F0
CY				  BIT	      D7
DELAY				  CODE	    0012	  19
DPH				  DATA	      83
DPL				  DATA	      82
EA				  BIT	      AF
EN				  BIT	      B2	   5
ENPULSE				  CODE	    0009	  12
ES				  BIT	      AC
ET0				  BIT	      A9
ET1				  BIT	      AB
EX0				  BIT	      A8
EX1				  BIT	      AA
EXTI0				  CODE	    0003
EXTI1				  CODE	    0013
F0				  BIT	      D5
IE				  DATA	      A8
IE0				  BIT	      89
IE1				  BIT	      8B
INNER				  CODE	    0016	  23
INT0				  BIT	      B2
INT1				  BIT	      B3
IP				  DATA	      B8
IT0				  BIT	      88
IT1				  BIT	      8A
OUTER				  CODE	    0014	  21
OV				  BIT	      D2
P				  BIT	      D0
P0				  DATA	      80
P1				  DATA	      90
P2				  DATA	      A0
P3				  DATA	      B0
PCON				  DATA	      87
PS				  BIT	      BC
PSW				  DATA	      D0
PT0				  BIT	      B9
PT1				  BIT	      BB
PX0				  BIT	      B8
PX1				  BIT	      BA
RB8				  BIT	      9A
RD				  BIT	      B7
REN				  BIT	      9C
RESET				  CODE	    0000
RI				  BIT	      98
RS				  BIT	      B0	   3

ASEM-51 V1.4a2                                        Copyright (c) 2008 by W.W. Heinz                                        PAGE 3



SYMBOL				  TYPE     VALUE	LINE
------------------------------------------------------------
RS0				  BIT	      D3
RS1				  BIT	      D4
RW				  BIT	      B1	   4
RXD				  BIT	      B0
SBUF				  DATA	      99
SCON				  DATA	      98
SINT				  CODE	    0023
SM0				  BIT	      9F
SM1				  BIT	      9E
SM2				  BIT	      9D
SP				  DATA	      81
T0				  BIT	      B4
T1				  BIT	      B5
TB8				  BIT	      9B
TCON				  DATA	      88
TF0				  BIT	      8D
TF1				  BIT	      8F
TH0				  DATA	      8C
TH1				  DATA	      8D
TI				  BIT	      99
TIMER0				  CODE	    000B
TIMER1				  CODE	    001B
TL0				  DATA	      8A
TL1				  DATA	      8B
TMOD				  DATA	      89
TR0				  BIT	      8C
TR1				  BIT	      8E
TXD				  BIT	      B1
WR				  BIT	      B6
