
ASEM-51 V1.4a2                                        Copyright (c) 2008 by W.W. Heinz                                        PAGE 1





       MCS-51 Family Macro Assembler   A S E M - 5 1   V 1.4a2
       =======================================================



	Source File:	tmp/webasm12368.a51
	Object File:	tmp/webasm12368.hex
	List File:	tmp/webasm12368.lst



 Line  I  Addr  Code            Source

    1:		N      0300	ORG 300h
    2:
    3:	  0300	41 45 49 4D	KCODE0: DB 41h,'E','I','M','Q','U','Y','#'
	  0304	51 55 59 23
    4:	  0308	42 46 4A 4E	KCODE1: DB 'B','F','J','N','R','V','Z','@'
	  030C	52 56 5A 40
    5:	  0310	43 47 4B 4F	KCODE2: DB 'C','G','K','O','S','W',',',':'
	  0314	53 57 2C 3A
    6:	  0318	44 48 4C 50	KCODE3: DB 'D','H','L','P','T','X','.','!'
	  031C	54 58 2E 21
    7:
    8:		N      0000	ORG 0h
    9:
   10:		B	 B0	RS BIT P3.0
   11:		B	 B1	RW BIT P3.1
   12:		B	 B2	EN BIT P3.2
   13:
   14:	  0000	C2 B0		CLR RS
   15:	  0002	C2 B1		CLR RW
   16:	  0004	75 A0 0C	MOV P2,#0Ch
   17:	  0007	11 A5		ACALL ENPULSE
   18:
   19:	  0009	75 90 FF	MOV P1,#0FFh
   20:	  000C			K1:
   21:	  000C	11 AE				ACALL DELAY
   22:	  000E	75 B0 09		MOV P3,#09h
   23:	  0011	11 AE				ACALL DELAY
   24:	  0013	E5 90			MOV A,P1
   25:	  0015	11 AE				ACALL DELAY
   26:	  0017	B4 FF F2		CJNE A,#0FFh,K1
   27:	  001A			K2:
   28:	  001A	11 AE			ACALL DELAY
   29:	  001C	E5 90			MOV A,P1
   30:	  001E	11 AE				ACALL DELAY
   31:	  0020	B4 FF 04		CJNE A,#0FFh,OVER
   32:	  0023	11 AE				ACALL DELAY
   33:	  0025	80 F3			SJMP K2
   34:	  0027			OVER:
   35:	  0027	11 AE			ACALL DELAY
   36:	  0029	E5 90			MOV A,P1
   37:	  002B	11 AE				ACALL DELAY
   38:	  002D	B4 FF 04		CJNE A,#0FFh,OVER1
   39:	  0030	11 AE				ACALL DELAY

ASEM-51 V1.4a2                                        Copyright (c) 2008 by W.W. Heinz                                        PAGE 2



 Line  I  Addr  Code            Source

   40:	  0032	80 E6			SJMP K2
   41:	  0034			OVER1:
   42:	  0034	75 B0 EF		MOV P3,#11101111b
   43:	  0037	11 AE				ACALL DELAY
   44:	  0039	E5 90			MOV A,P1
   45:	  003B	11 AE				ACALL DELAY
   46:	  003D	B4 FF 2F		CJNE A,#0FFh,ROW0
   47:	  0040	11 AE				ACALL DELAY
   48:	  0042	75 B0 DF		MOV P3,#11011111b
   49:	  0045	11 AE				ACALL DELAY
   50:	  0047	E5 90			MOV A,P1
   51:	  0049	11 AE				ACALL DELAY
   52:	  004B	B4 FF 2C		CJNE A,#0FFh,ROW1
   53:	  004E	11 AE				ACALL DELAY
   54:	  0050	75 B0 BF		MOV P3,#10111111b
   55:	  0053	11 AE				ACALL DELAY
   56:	  0055	E5 90			MOV A,P1
   57:	  0057	11 AE				ACALL DELAY
   58:	  0059	B4 FF 29		CJNE A,#0FFh,ROW2
   59:	  005C	11 AE				ACALL DELAY
   60:	  005E	75 B0 7F		MOV P3,#01111111b
   61:	  0061	11 AE				ACALL DELAY
   62:	  0063	E5 90			MOV A,P1
   63:	  0065	11 AE				ACALL DELAY
   64:	  0067	B4 FF 24		CJNE A,#0FFh,ROW3
   65:	  006A	11 AE				ACALL DELAY
   66:	  006C	02 00 1A		LJMP K2
   67:	  006F			ROW0:
   68:	  006F	11 AE				ACALL DELAY
   69:	  0071	90 03 00		MOV DPTR,#KCODE0
   70:	  0074	11 AE				ACALL DELAY
   71:	  0076	80 1B			SJMP FIND
   72:	  0078	11 AE				ACALL DELAY
   73:	  007A			ROW1:
   74:	  007A	11 AE				ACALL DELAY
   75:	  007C	90 03 08		MOV DPTR,#KCODE1
   76:	  007F	11 AE				ACALL DELAY
   77:	  0081	80 10			SJMP FIND
   78:	  0083	11 AE				ACALL DELAY
   79:	  0085			ROW2:
   80:	  0085	90 03 10		MOV DPTR,#KCODE2
   81:	  0088	11 AE				ACALL DELAY
   82:	  008A	80 07			SJMP FIND
   83:	  008C	11 AE				ACALL DELAY
   84:	  008E			ROW3:
   85:	  008E	90 03 18		MOV DPTR,#KCODE3
   86:	  0091	11 AE				ACALL DELAY
   87:
   88:	  0093			FIND:
   89:	  0093	13			RRC A
   90:	  0094	50 03			JNC MATCH
   91:	  0096	A3			INC DPTR
   92:	  0097	80 FA			SJMP FIND
   93:	  0099			MATCH:
   94:	  0099	E4			CLR A
   95:	  009A	93			MOVC A,@A+DPTR

ASEM-51 V1.4a2                                        Copyright (c) 2008 by W.W. Heinz                                        PAGE 3



 Line  I  Addr  Code            Source

   96:	  009B	75 B0 09		MOV P3,#09h
   97:	  009E	F5 A0			MOV P2,A
   98:	  00A0	11 A5			ACALL ENPULSE
   99:	  00A2	02 00 0C		LJMP K1
  100:
  101:	  00A5			ENPULSE:
  102:	  00A5	D2 B2			SETB EN
  103:	  00A7	11 AE			ACALL DELAY
  104:	  00A9	C2 B2			CLR EN
  105:	  00AB	11 AE			ACALL DELAY
  106:	  00AD	22		RET
  107:
  108:	  00AE			DELAY:
  109:	  00AE	7B 32			MOV R3,#50
  110:	  00B0				OUTER:
  111:	  00B0	7C FF				MOV R4,#255
  112:	  00B2					INNER:
  113:	  00B2	DC FE					DJNZ R4,INNER
  114:	  00B4	DB FA				DJNZ R3,OUTER
  115:	  00B6	22		RET
  116:
  117:				END





                     register banks used:  ---

                     no errors




ASEM-51 V1.4a2                                        Copyright (c) 2008 by W.W. Heinz                                        PAGE 4





	       L I S T   O F   S Y M B O L S
	       =============================


SYMBOL				  TYPE     VALUE	LINE
------------------------------------------------------------
??ASEM_51			  NUMBER    8051
??VERSION			  NUMBER    0140
AC				  BIT	      D6
ACC				  DATA	      E0
B				  DATA	      F0
CY				  BIT	      D7
DELAY				  CODE	    00AE	 108
DPH				  DATA	      83
DPL				  DATA	      82
EA				  BIT	      AF
EN				  BIT	      B2	  12
ENPULSE				  CODE	    00A5	 101
ES				  BIT	      AC
ET0				  BIT	      A9
ET1				  BIT	      AB
EX0				  BIT	      A8
EX1				  BIT	      AA
EXTI0				  CODE	    0003
EXTI1				  CODE	    0013
F0				  BIT	      D5
FIND				  CODE	    0093	  88
IE				  DATA	      A8
IE0				  BIT	      89
IE1				  BIT	      8B
INNER				  CODE	    00B2	 112
INT0				  BIT	      B2
INT1				  BIT	      B3
IP				  DATA	      B8
IT0				  BIT	      88
IT1				  BIT	      8A
K1				  CODE	    000C	  20
K2				  CODE	    001A	  27
KCODE0				  CODE	    0300	   3
KCODE1				  CODE	    0308	   4
KCODE2				  CODE	    0310	   5
KCODE3				  CODE	    0318	   6
MATCH				  CODE	    0099	  93
OUTER				  CODE	    00B0	 110
OV				  BIT	      D2
OVER				  CODE	    0027	  34
OVER1				  CODE	    0034	  41
P				  BIT	      D0
P0				  DATA	      80
P1				  DATA	      90
P2				  DATA	      A0
P3				  DATA	      B0
PCON				  DATA	      87
PS				  BIT	      BC
PSW				  DATA	      D0
PT0				  BIT	      B9

ASEM-51 V1.4a2                                        Copyright (c) 2008 by W.W. Heinz                                        PAGE 5



SYMBOL				  TYPE     VALUE	LINE
------------------------------------------------------------
PT1				  BIT	      BB
PX0				  BIT	      B8
PX1				  BIT	      BA
RB8				  BIT	      9A
RD				  BIT	      B7
REN				  BIT	      9C
RESET				  CODE	    0000
RI				  BIT	      98
ROW0				  CODE	    006F	  67
ROW1				  CODE	    007A	  73
ROW2				  CODE	    0085	  79
ROW3				  CODE	    008E	  84
RS				  BIT	      B0	  10
RS0				  BIT	      D3
RS1				  BIT	      D4
RW				  BIT	      B1	  11
RXD				  BIT	      B0
SBUF				  DATA	      99
SCON				  DATA	      98
SINT				  CODE	    0023
SM0				  BIT	      9F
SM1				  BIT	      9E
SM2				  BIT	      9D
SP				  DATA	      81
T0				  BIT	      B4
T1				  BIT	      B5
TB8				  BIT	      9B
TCON				  DATA	      88
TF0				  BIT	      8D
TF1				  BIT	      8F
TH0				  DATA	      8C
TH1				  DATA	      8D
TI				  BIT	      99
TIMER0				  CODE	    000B
TIMER1				  CODE	    001B
TL0				  DATA	      8A
TL1				  DATA	      8B
TMOD				  DATA	      89
TR0				  BIT	      8C
TR1				  BIT	      8E
TXD				  BIT	      B1
WR				  BIT	      B6
